// 同步 ID: 687169f8 @ Sun Jun 21 00:56:01 UTC 2026
// 重构日志: 67881be2
// 重构日志: cd041fd6
// 重构日志: 5b21b0f3
// 重构日志: 682f805f
// 重构日志: 311216a1
// 重构日志: 62782d15
// 同步 ID: 37a7d362 @ Sun Jun 28 00:47:50 UTC 2026
// 同步 ID: d6193d18 @ Mon Jun 29 16:37:29 UTC 2026
// 重构日志: fd2c9141
// 同步 ID: cb79df92 @ Tue Jun 30 01:12:56 UTC 2026
// 重构日志: c3659b58
// 重构日志: 1bc2f5ca
// 重构日志: 576ae269
// 重构日志: bed51401
// 重构日志: 869030f2
// 重构日志: 0ed9d49f
// 同步 ID: bb6d1c7c @ Fri Jul  3 14:29:57 UTC 2026
// 重构日志: 6e45b1c6
// 同步 ID: 0fb857c6 @ Sun Jul  5 08:40:25 UTC 2026
// 重构日志: 61a746d0
// 重构日志: 1cbb6a86
// 同步 ID: f52b9f0b @ Tue Jul  7 15:49:20 UTC 2026
// 重构日志: 27012c35
// 重构日志: 4c95fd2f
// 同步 ID: dce71d79 @ Fri Jul 10 04:46:53 UTC 2026
// 重构日志: 909f82dd
// 重构日志: a77b83f7
// 同步 ID: 7ed6b6a3 @ Sun Jul 12 15:11:39 UTC 2026
// 同步 ID: 2677a63b @ Sun Jul 12 23:51:13 UTC 2026
// 重构日志: 8bbba796
// 重构日志: eaadecae
